Lab Assignment 8/Source/Google Card Board VR App/gvr-android-sdk/samples/sdk-simplepanowidget/build/outputs/logs/manifest-merger-debug-report.txt
-- Merging decision tree log ---
manifest
ADDED from src\main\AndroidManifest.xml:2:1-33:12
	package
		ADDED from src\main\AndroidManifest.xml:3:7-59
	android:versionName
		ADDED from src\main\AndroidManifest.xml:5:7-35
		INJECTED from src\main\AndroidManifest.xml
		INJECTED from src\main\AndroidManifest.xml
	android:versionCode
		ADDED from src\main\AndroidManifest.xml:4:7-38
		INJECTED from src\main\AndroidManifest.xml
		INJECTED from src\main\AndroidManifest.xml
	xmlns:android
		ADDED from src\main\AndroidManifest.xml:2:11-69
uses-sdk
ADDED from src\main\AndroidManifest.xml:6:5-74
MERGED from [com.google.vr:sdk-panowidget:1.20.0] AndroidManifest.xml:3:5-73
MERGED from [com.google.vr:sdk-commonwidget:1.20.0] AndroidManifest.xml:3:5-73
MERGED from [com.google.vr:sdk-common:1.20.0] AndroidManifest.xml:3:5-73
	android:targetSdkVersion
		ADDED from src\main\AndroidManifest.xml:6:42-71
		INJECTED from src\main\AndroidManifest.xml
		INJECTED from src\main\AndroidManifest.xml
	android:minSdkVersion
		ADDED from src\main\AndroidManifest.xml:6:15-41
		INJECTED from src\main\AndroidManifest.xml
		INJECTED from src\main\AndroidManifest.xml
application
ADDED from src\main\AndroidManifest.xml:15:5-28:19
	android:label
		ADDED from src\main\AndroidManifest.xml:15:18-58
	android:largeHeap
		ADDED from src\main\AndroidManifest.xml:16:7-31
	android:theme
		ADDED from src\main\AndroidManifest.xml:17:7-54
activity#com.google.vr.sdk.samples.simplepanowidget.SimpleVrPanoramaActivity
ADDED from src\main\AndroidManifest.xml:19:9-27:20
	android:launchMode
		ADDED from src\main\AndroidManifest.xml:20:11-42
	android:name
		ADDED from src\main\AndroidManifest.xml:19:19-59
intent-filter#android.intent.action.MAIN+android.intent.category.LAUNCHER+com.google.intent.category.CARDBOARD
ADDED from src\main\AndroidManifest.xml:21:13-26:29
action#android.intent.action.MAIN
ADDED from src\main\AndroidManifest.xml:23:17-69
	android:name
		ADDED from src\main\AndroidManifest.xml:23:25-66
category#android.intent.category.LAUNCHER
ADDED from src\main\AndroidManifest.xml:24:17-77
	android:name
		ADDED from src\main\AndroidManifest.xml:24:27-74
category#com.google.intent.category.CARDBOARD
ADDED from src\main\AndroidManifest.xml:25:17-81
	android:name
		ADDED from src\main\AndroidManifest.xml:25:27-78
uses-permission#android.permission.INTERNET
ADDED from src\main\AndroidManifest.xml:31:5-67
	android:name
		ADDED from src\main\AndroidManifest.xml:31:22-64
uses-permission#android.permission.READ_EXTERNAL_STORAGE
ADDED from src\main\AndroidManifest.xml:32:5-80
	android:name
		ADDED from src\main\AndroidManifest.xml:32:22-77